
*** Running vivado
    with args -log planar_prediction.vds -m64 -product Vivado -mode batch -messageDb vivado.pb -notrace -source planar_prediction.tcl


****** Vivado v2018.2 (64-bit)
  **** SW Build 2258646 on Thu Jun 14 20:03:12 MDT 2018
  **** IP Build 2256618 on Thu Jun 14 22:10:49 MDT 2018
    ** Copyright 1986-2018 Xilinx, Inc. All Rights Reserved.

source planar_prediction.tcl -notrace
Command: synth_design -top planar_prediction -part xc7vx485tffg1157-1
Starting synth_design
Attempting to get a license for feature 'Synthesis' and/or device 'xc7vx485t'
INFO: [Common 17-349] Got license for feature 'Synthesis' and/or device 'xc7vx485t'
INFO: Launching helper process for spawning children vivado processes
INFO: Helper process launched with PID 8228 
---------------------------------------------------------------------------------
Starting Synthesize : Time (s): cpu = 00:00:02 ; elapsed = 00:00:03 . Memory (MB): peak = 441.684 ; gain = 96.660
---------------------------------------------------------------------------------
INFO: [Synth 8-6157] synthesizing module 'planar_prediction' [C:/Users/Administrator/Documents/intra_prediction/intra_prediction.srcs/sources_1/new/planar_prediction.sv:23]
	Parameter N bound to: 32 - type: integer 
WARNING: [Synth 8-6014] Unused sequential element p_reg[1][1] was removed.  [C:/Users/Administrator/Documents/intra_prediction/intra_prediction.srcs/sources_1/new/planar_prediction.sv:52]
WARNING: [Synth 8-6014] Unused sequential element p_reg[1][2] was removed.  [C:/Users/Administrator/Documents/intra_prediction/intra_prediction.srcs/sources_1/new/planar_prediction.sv:52]
WARNING: [Synth 8-6014] Unused sequential element p_reg[1][3] was removed.  [C:/Users/Administrator/Documents/intra_prediction/intra_prediction.srcs/sources_1/new/planar_prediction.sv:52]
WARNING: [Synth 8-6014] Unused sequential element p_reg[1][4] was removed.  [C:/Users/Administrator/Documents/intra_prediction/intra_prediction.srcs/sources_1/new/planar_prediction.sv:52]
WARNING: [Synth 8-6014] Unused sequential element p_reg[1][5] was removed.  [C:/Users/Administrator/Documents/intra_prediction/intra_prediction.srcs/sources_1/new/planar_prediction.sv:52]
WARNING: [Synth 8-6014] Unused sequential element p_reg[1][6] was removed.  [C:/Users/Administrator/Documents/intra_prediction/intra_prediction.srcs/sources_1/new/planar_prediction.sv:52]
WARNING: [Synth 8-6014] Unused sequential element p_reg[1][7] was removed.  [C:/Users/Administrator/Documents/intra_prediction/intra_prediction.srcs/sources_1/new/planar_prediction.sv:52]
WARNING: [Synth 8-6014] Unused sequential element p_reg[1][8] was removed.  [C:/Users/Administrator/Documents/intra_prediction/intra_prediction.srcs/sources_1/new/planar_prediction.sv:52]
WARNING: [Synth 8-6014] Unused sequential element p_reg[1][9] was removed.  [C:/Users/Administrator/Documents/intra_prediction/intra_prediction.srcs/sources_1/new/planar_prediction.sv:52]
WARNING: [Synth 8-6014] Unused sequential element p_reg[1][10] was removed.  [C:/Users/Administrator/Documents/intra_prediction/intra_prediction.srcs/sources_1/new/planar_prediction.sv:52]
WARNING: [Synth 8-6014] Unused sequential element p_reg[1][11] was removed.  [C:/Users/Administrator/Documents/intra_prediction/intra_prediction.srcs/sources_1/new/planar_prediction.sv:52]
WARNING: [Synth 8-6014] Unused sequential element p_reg[1][12] was removed.  [C:/Users/Administrator/Documents/intra_prediction/intra_prediction.srcs/sources_1/new/planar_prediction.sv:52]
WARNING: [Synth 8-6014] Unused sequential element p_reg[1][13] was removed.  [C:/Users/Administrator/Documents/intra_prediction/intra_prediction.srcs/sources_1/new/planar_prediction.sv:52]
WARNING: [Synth 8-6014] Unused sequential element p_reg[1][14] was removed.  [C:/Users/Administrator/Documents/intra_prediction/intra_prediction.srcs/sources_1/new/planar_prediction.sv:52]
WARNING: [Synth 8-6014] Unused sequential element p_reg[1][15] was removed.  [C:/Users/Administrator/Documents/intra_prediction/intra_prediction.srcs/sources_1/new/planar_prediction.sv:52]
WARNING: [Synth 8-6014] Unused sequential element p_reg[1][16] was removed.  [C:/Users/Administrator/Documents/intra_prediction/intra_prediction.srcs/sources_1/new/planar_prediction.sv:52]
WARNING: [Synth 8-6014] Unused sequential element p_reg[1][17] was removed.  [C:/Users/Administrator/Documents/intra_prediction/intra_prediction.srcs/sources_1/new/planar_prediction.sv:52]
WARNING: [Synth 8-6014] Unused sequential element p_reg[1][18] was removed.  [C:/Users/Administrator/Documents/intra_prediction/intra_prediction.srcs/sources_1/new/planar_prediction.sv:52]
WARNING: [Synth 8-6014] Unused sequential element p_reg[1][19] was removed.  [C:/Users/Administrator/Documents/intra_prediction/intra_prediction.srcs/sources_1/new/planar_prediction.sv:52]
WARNING: [Synth 8-6014] Unused sequential element p_reg[1][20] was removed.  [C:/Users/Administrator/Documents/intra_prediction/intra_prediction.srcs/sources_1/new/planar_prediction.sv:52]
WARNING: [Synth 8-6014] Unused sequential element p_reg[1][21] was removed.  [C:/Users/Administrator/Documents/intra_prediction/intra_prediction.srcs/sources_1/new/planar_prediction.sv:52]
WARNING: [Synth 8-6014] Unused sequential element p_reg[1][22] was removed.  [C:/Users/Administrator/Documents/intra_prediction/intra_prediction.srcs/sources_1/new/planar_prediction.sv:52]
WARNING: [Synth 8-6014] Unused sequential element p_reg[1][23] was removed.  [C:/Users/Administrator/Documents/intra_prediction/intra_prediction.srcs/sources_1/new/planar_prediction.sv:52]
WARNING: [Synth 8-6014] Unused sequential element p_reg[1][24] was removed.  [C:/Users/Administrator/Documents/intra_prediction/intra_prediction.srcs/sources_1/new/planar_prediction.sv:52]
WARNING: [Synth 8-6014] Unused sequential element p_reg[1][25] was removed.  [C:/Users/Administrator/Documents/intra_prediction/intra_prediction.srcs/sources_1/new/planar_prediction.sv:52]
WARNING: [Synth 8-6014] Unused sequential element p_reg[1][26] was removed.  [C:/Users/Administrator/Documents/intra_prediction/intra_prediction.srcs/sources_1/new/planar_prediction.sv:52]
WARNING: [Synth 8-6014] Unused sequential element p_reg[1][27] was removed.  [C:/Users/Administrator/Documents/intra_prediction/intra_prediction.srcs/sources_1/new/planar_prediction.sv:52]
WARNING: [Synth 8-6014] Unused sequential element p_reg[1][28] was removed.  [C:/Users/Administrator/Documents/intra_prediction/intra_prediction.srcs/sources_1/new/planar_prediction.sv:52]
WARNING: [Synth 8-6014] Unused sequential element p_reg[1][29] was removed.  [C:/Users/Administrator/Documents/intra_prediction/intra_prediction.srcs/sources_1/new/planar_prediction.sv:52]
WARNING: [Synth 8-6014] Unused sequential element p_reg[1][30] was removed.  [C:/Users/Administrator/Documents/intra_prediction/intra_prediction.srcs/sources_1/new/planar_prediction.sv:52]
WARNING: [Synth 8-6014] Unused sequential element p_reg[2][1] was removed.  [C:/Users/Administrator/Documents/intra_prediction/intra_prediction.srcs/sources_1/new/planar_prediction.sv:52]
WARNING: [Synth 8-6014] Unused sequential element p_reg[2][2] was removed.  [C:/Users/Administrator/Documents/intra_prediction/intra_prediction.srcs/sources_1/new/planar_prediction.sv:52]
WARNING: [Synth 8-6014] Unused sequential element p_reg[2][3] was removed.  [C:/Users/Administrator/Documents/intra_prediction/intra_prediction.srcs/sources_1/new/planar_prediction.sv:52]
WARNING: [Synth 8-6014] Unused sequential element p_reg[2][4] was removed.  [C:/Users/Administrator/Documents/intra_prediction/intra_prediction.srcs/sources_1/new/planar_prediction.sv:52]
WARNING: [Synth 8-6014] Unused sequential element p_reg[2][5] was removed.  [C:/Users/Administrator/Documents/intra_prediction/intra_prediction.srcs/sources_1/new/planar_prediction.sv:52]
WARNING: [Synth 8-6014] Unused sequential element p_reg[2][6] was removed.  [C:/Users/Administrator/Documents/intra_prediction/intra_prediction.srcs/sources_1/new/planar_prediction.sv:52]
WARNING: [Synth 8-6014] Unused sequential element p_reg[2][7] was removed.  [C:/Users/Administrator/Documents/intra_prediction/intra_prediction.srcs/sources_1/new/planar_prediction.sv:52]
WARNING: [Synth 8-6014] Unused sequential element p_reg[2][8] was removed.  [C:/Users/Administrator/Documents/intra_prediction/intra_prediction.srcs/sources_1/new/planar_prediction.sv:52]
WARNING: [Synth 8-6014] Unused sequential element p_reg[2][9] was removed.  [C:/Users/Administrator/Documents/intra_prediction/intra_prediction.srcs/sources_1/new/planar_prediction.sv:52]
WARNING: [Synth 8-6014] Unused sequential element p_reg[2][10] was removed.  [C:/Users/Administrator/Documents/intra_prediction/intra_prediction.srcs/sources_1/new/planar_prediction.sv:52]
WARNING: [Synth 8-6014] Unused sequential element p_reg[2][11] was removed.  [C:/Users/Administrator/Documents/intra_prediction/intra_prediction.srcs/sources_1/new/planar_prediction.sv:52]
WARNING: [Synth 8-6014] Unused sequential element p_reg[2][12] was removed.  [C:/Users/Administrator/Documents/intra_prediction/intra_prediction.srcs/sources_1/new/planar_prediction.sv:52]
WARNING: [Synth 8-6014] Unused sequential element p_reg[2][13] was removed.  [C:/Users/Administrator/Documents/intra_prediction/intra_prediction.srcs/sources_1/new/planar_prediction.sv:52]
WARNING: [Synth 8-6014] Unused sequential element p_reg[2][14] was removed.  [C:/Users/Administrator/Documents/intra_prediction/intra_prediction.srcs/sources_1/new/planar_prediction.sv:52]
WARNING: [Synth 8-6014] Unused sequential element p_reg[2][15] was removed.  [C:/Users/Administrator/Documents/intra_prediction/intra_prediction.srcs/sources_1/new/planar_prediction.sv:52]
WARNING: [Synth 8-6014] Unused sequential element p_reg[2][16] was removed.  [C:/Users/Administrator/Documents/intra_prediction/intra_prediction.srcs/sources_1/new/planar_prediction.sv:52]
WARNING: [Synth 8-6014] Unused sequential element p_reg[2][17] was removed.  [C:/Users/Administrator/Documents/intra_prediction/intra_prediction.srcs/sources_1/new/planar_prediction.sv:52]
WARNING: [Synth 8-6014] Unused sequential element p_reg[2][18] was removed.  [C:/Users/Administrator/Documents/intra_prediction/intra_prediction.srcs/sources_1/new/planar_prediction.sv:52]
WARNING: [Synth 8-6014] Unused sequential element p_reg[2][19] was removed.  [C:/Users/Administrator/Documents/intra_prediction/intra_prediction.srcs/sources_1/new/planar_prediction.sv:52]
WARNING: [Synth 8-6014] Unused sequential element p_reg[2][20] was removed.  [C:/Users/Administrator/Documents/intra_prediction/intra_prediction.srcs/sources_1/new/planar_prediction.sv:52]
WARNING: [Synth 8-6014] Unused sequential element p_reg[2][21] was removed.  [C:/Users/Administrator/Documents/intra_prediction/intra_prediction.srcs/sources_1/new/planar_prediction.sv:52]
WARNING: [Synth 8-6014] Unused sequential element p_reg[2][22] was removed.  [C:/Users/Administrator/Documents/intra_prediction/intra_prediction.srcs/sources_1/new/planar_prediction.sv:52]
WARNING: [Synth 8-6014] Unused sequential element p_reg[2][23] was removed.  [C:/Users/Administrator/Documents/intra_prediction/intra_prediction.srcs/sources_1/new/planar_prediction.sv:52]
WARNING: [Synth 8-6014] Unused sequential element p_reg[2][24] was removed.  [C:/Users/Administrator/Documents/intra_prediction/intra_prediction.srcs/sources_1/new/planar_prediction.sv:52]
WARNING: [Synth 8-6014] Unused sequential element p_reg[2][25] was removed.  [C:/Users/Administrator/Documents/intra_prediction/intra_prediction.srcs/sources_1/new/planar_prediction.sv:52]
WARNING: [Synth 8-6014] Unused sequential element p_reg[2][26] was removed.  [C:/Users/Administrator/Documents/intra_prediction/intra_prediction.srcs/sources_1/new/planar_prediction.sv:52]
WARNING: [Synth 8-6014] Unused sequential element p_reg[2][27] was removed.  [C:/Users/Administrator/Documents/intra_prediction/intra_prediction.srcs/sources_1/new/planar_prediction.sv:52]
WARNING: [Synth 8-6014] Unused sequential element p_reg[2][28] was removed.  [C:/Users/Administrator/Documents/intra_prediction/intra_prediction.srcs/sources_1/new/planar_prediction.sv:52]
WARNING: [Synth 8-6014] Unused sequential element p_reg[2][29] was removed.  [C:/Users/Administrator/Documents/intra_prediction/intra_prediction.srcs/sources_1/new/planar_prediction.sv:52]
WARNING: [Synth 8-6014] Unused sequential element p_reg[2][30] was removed.  [C:/Users/Administrator/Documents/intra_prediction/intra_prediction.srcs/sources_1/new/planar_prediction.sv:52]
WARNING: [Synth 8-6014] Unused sequential element p_reg[3][1] was removed.  [C:/Users/Administrator/Documents/intra_prediction/intra_prediction.srcs/sources_1/new/planar_prediction.sv:52]
WARNING: [Synth 8-6014] Unused sequential element p_reg[3][2] was removed.  [C:/Users/Administrator/Documents/intra_prediction/intra_prediction.srcs/sources_1/new/planar_prediction.sv:52]
WARNING: [Synth 8-6014] Unused sequential element p_reg[3][3] was removed.  [C:/Users/Administrator/Documents/intra_prediction/intra_prediction.srcs/sources_1/new/planar_prediction.sv:52]
WARNING: [Synth 8-6014] Unused sequential element p_reg[3][4] was removed.  [C:/Users/Administrator/Documents/intra_prediction/intra_prediction.srcs/sources_1/new/planar_prediction.sv:52]
WARNING: [Synth 8-6014] Unused sequential element p_reg[3][5] was removed.  [C:/Users/Administrator/Documents/intra_prediction/intra_prediction.srcs/sources_1/new/planar_prediction.sv:52]
WARNING: [Synth 8-6014] Unused sequential element p_reg[3][6] was removed.  [C:/Users/Administrator/Documents/intra_prediction/intra_prediction.srcs/sources_1/new/planar_prediction.sv:52]
WARNING: [Synth 8-6014] Unused sequential element p_reg[3][7] was removed.  [C:/Users/Administrator/Documents/intra_prediction/intra_prediction.srcs/sources_1/new/planar_prediction.sv:52]
WARNING: [Synth 8-6014] Unused sequential element p_reg[3][8] was removed.  [C:/Users/Administrator/Documents/intra_prediction/intra_prediction.srcs/sources_1/new/planar_prediction.sv:52]
WARNING: [Synth 8-6014] Unused sequential element p_reg[3][9] was removed.  [C:/Users/Administrator/Documents/intra_prediction/intra_prediction.srcs/sources_1/new/planar_prediction.sv:52]
WARNING: [Synth 8-6014] Unused sequential element p_reg[3][10] was removed.  [C:/Users/Administrator/Documents/intra_prediction/intra_prediction.srcs/sources_1/new/planar_prediction.sv:52]
WARNING: [Synth 8-6014] Unused sequential element p_reg[3][11] was removed.  [C:/Users/Administrator/Documents/intra_prediction/intra_prediction.srcs/sources_1/new/planar_prediction.sv:52]
WARNING: [Synth 8-6014] Unused sequential element p_reg[3][12] was removed.  [C:/Users/Administrator/Documents/intra_prediction/intra_prediction.srcs/sources_1/new/planar_prediction.sv:52]
WARNING: [Synth 8-6014] Unused sequential element p_reg[3][13] was removed.  [C:/Users/Administrator/Documents/intra_prediction/intra_prediction.srcs/sources_1/new/planar_prediction.sv:52]
WARNING: [Synth 8-6014] Unused sequential element p_reg[3][14] was removed.  [C:/Users/Administrator/Documents/intra_prediction/intra_prediction.srcs/sources_1/new/planar_prediction.sv:52]
WARNING: [Synth 8-6014] Unused sequential element p_reg[3][15] was removed.  [C:/Users/Administrator/Documents/intra_prediction/intra_prediction.srcs/sources_1/new/planar_prediction.sv:52]
WARNING: [Synth 8-6014] Unused sequential element p_reg[3][16] was removed.  [C:/Users/Administrator/Documents/intra_prediction/intra_prediction.srcs/sources_1/new/planar_prediction.sv:52]
WARNING: [Synth 8-6014] Unused sequential element p_reg[3][17] was removed.  [C:/Users/Administrator/Documents/intra_prediction/intra_prediction.srcs/sources_1/new/planar_prediction.sv:52]
WARNING: [Synth 8-6014] Unused sequential element p_reg[3][18] was removed.  [C:/Users/Administrator/Documents/intra_prediction/intra_prediction.srcs/sources_1/new/planar_prediction.sv:52]
WARNING: [Synth 8-6014] Unused sequential element p_reg[3][19] was removed.  [C:/Users/Administrator/Documents/intra_prediction/intra_prediction.srcs/sources_1/new/planar_prediction.sv:52]
WARNING: [Synth 8-6014] Unused sequential element p_reg[3][20] was removed.  [C:/Users/Administrator/Documents/intra_prediction/intra_prediction.srcs/sources_1/new/planar_prediction.sv:52]
WARNING: [Synth 8-6014] Unused sequential element p_reg[3][21] was removed.  [C:/Users/Administrator/Documents/intra_prediction/intra_prediction.srcs/sources_1/new/planar_prediction.sv:52]
WARNING: [Synth 8-6014] Unused sequential element p_reg[3][22] was removed.  [C:/Users/Administrator/Documents/intra_prediction/intra_prediction.srcs/sources_1/new/planar_prediction.sv:52]
WARNING: [Synth 8-6014] Unused sequential element p_reg[3][23] was removed.  [C:/Users/Administrator/Documents/intra_prediction/intra_prediction.srcs/sources_1/new/planar_prediction.sv:52]
WARNING: [Synth 8-6014] Unused sequential element p_reg[3][24] was removed.  [C:/Users/Administrator/Documents/intra_prediction/intra_prediction.srcs/sources_1/new/planar_prediction.sv:52]
WARNING: [Synth 8-6014] Unused sequential element p_reg[3][25] was removed.  [C:/Users/Administrator/Documents/intra_prediction/intra_prediction.srcs/sources_1/new/planar_prediction.sv:52]
WARNING: [Synth 8-6014] Unused sequential element p_reg[3][26] was removed.  [C:/Users/Administrator/Documents/intra_prediction/intra_prediction.srcs/sources_1/new/planar_prediction.sv:52]
WARNING: [Synth 8-6014] Unused sequential element p_reg[3][27] was removed.  [C:/Users/Administrator/Documents/intra_prediction/intra_prediction.srcs/sources_1/new/planar_prediction.sv:52]
WARNING: [Synth 8-6014] Unused sequential element p_reg[3][28] was removed.  [C:/Users/Administrator/Documents/intra_prediction/intra_prediction.srcs/sources_1/new/planar_prediction.sv:52]
WARNING: [Synth 8-6014] Unused sequential element p_reg[3][29] was removed.  [C:/Users/Administrator/Documents/intra_prediction/intra_prediction.srcs/sources_1/new/planar_prediction.sv:52]
WARNING: [Synth 8-6014] Unused sequential element p_reg[3][30] was removed.  [C:/Users/Administrator/Documents/intra_prediction/intra_prediction.srcs/sources_1/new/planar_prediction.sv:52]
WARNING: [Synth 8-6014] Unused sequential element p_reg[4][1] was removed.  [C:/Users/Administrator/Documents/intra_prediction/intra_prediction.srcs/sources_1/new/planar_prediction.sv:52]
WARNING: [Synth 8-6014] Unused sequential element p_reg[4][2] was removed.  [C:/Users/Administrator/Documents/intra_prediction/intra_prediction.srcs/sources_1/new/planar_prediction.sv:52]
WARNING: [Synth 8-6014] Unused sequential element p_reg[4][3] was removed.  [C:/Users/Administrator/Documents/intra_prediction/intra_prediction.srcs/sources_1/new/planar_prediction.sv:52]
WARNING: [Synth 8-6014] Unused sequential element p_reg[4][4] was removed.  [C:/Users/Administrator/Documents/intra_prediction/intra_prediction.srcs/sources_1/new/planar_prediction.sv:52]
WARNING: [Synth 8-6014] Unused sequential element p_reg[4][5] was removed.  [C:/Users/Administrator/Documents/intra_prediction/intra_prediction.srcs/sources_1/new/planar_prediction.sv:52]
WARNING: [Synth 8-6014] Unused sequential element p_reg[4][6] was removed.  [C:/Users/Administrator/Documents/intra_prediction/intra_prediction.srcs/sources_1/new/planar_prediction.sv:52]
WARNING: [Synth 8-6014] Unused sequential element p_reg[4][7] was removed.  [C:/Users/Administrator/Documents/intra_prediction/intra_prediction.srcs/sources_1/new/planar_prediction.sv:52]
WARNING: [Synth 8-6014] Unused sequential element p_reg[4][8] was removed.  [C:/Users/Administrator/Documents/intra_prediction/intra_prediction.srcs/sources_1/new/planar_prediction.sv:52]
WARNING: [Synth 8-6014] Unused sequential element p_reg[4][9] was removed.  [C:/Users/Administrator/Documents/intra_prediction/intra_prediction.srcs/sources_1/new/planar_prediction.sv:52]
WARNING: [Synth 8-6014] Unused sequential element p_reg[4][10] was removed.  [C:/Users/Administrator/Documents/intra_prediction/intra_prediction.srcs/sources_1/new/planar_prediction.sv:52]
INFO: [Common 17-14] Message 'Synth 8-6014' appears 100 times and further instances of the messages will be disabled. Use the Tcl command set_msg_config to change the current settings.
INFO: [Synth 8-6155] done synthesizing module 'planar_prediction' (1#1) [C:/Users/Administrator/Documents/intra_prediction/intra_prediction.srcs/sources_1/new/planar_prediction.sv:23]
---------------------------------------------------------------------------------
Finished Synthesize : Time (s): cpu = 00:00:03 ; elapsed = 00:00:04 . Memory (MB): peak = 505.207 ; gain = 160.184
---------------------------------------------------------------------------------
---------------------------------------------------------------------------------
Finished Constraint Validation : Time (s): cpu = 00:00:03 ; elapsed = 00:00:05 . Memory (MB): peak = 505.207 ; gain = 160.184
---------------------------------------------------------------------------------
---------------------------------------------------------------------------------
Start Loading Part and Timing Information
---------------------------------------------------------------------------------
Loading part: xc7vx485tffg1157-1
---------------------------------------------------------------------------------
Finished Loading Part and Timing Information : Time (s): cpu = 00:00:03 ; elapsed = 00:00:05 . Memory (MB): peak = 505.207 ; gain = 160.184
---------------------------------------------------------------------------------
INFO: [Device 21-403] Loading part xc7vx485tffg1157-1
INFO: [Synth 8-5546] ROM "p_reg[0][0]" won't be mapped to RAM because it is too sparse
INFO: [Synth 8-5546] ROM "p_reg[0][1]" won't be mapped to RAM because it is too sparse
INFO: [Synth 8-5546] ROM "p_reg[0][2]" won't be mapped to RAM because it is too sparse
INFO: [Synth 8-5546] ROM "p_reg[0][3]" won't be mapped to RAM because it is too sparse
INFO: [Synth 8-5546] ROM "p_reg[0][4]" won't be mapped to RAM because it is too sparse
INFO: [Synth 8-5546] ROM "p_reg[0][5]" won't be mapped to RAM because it is too sparse
INFO: [Synth 8-5546] ROM "p_reg[0][6]" won't be mapped to RAM because it is too sparse
INFO: [Synth 8-5546] ROM "p_reg[0][7]" won't be mapped to RAM because it is too sparse
INFO: [Synth 8-5546] ROM "p_reg[0][8]" won't be mapped to RAM because it is too sparse
INFO: [Synth 8-5546] ROM "p_reg[0][9]" won't be mapped to RAM because it is too sparse
INFO: [Synth 8-5546] ROM "p_reg[0][10]" won't be mapped to RAM because it is too sparse
INFO: [Synth 8-5546] ROM "p_reg[0][11]" won't be mapped to RAM because it is too sparse
INFO: [Synth 8-5546] ROM "p_reg[0][12]" won't be mapped to RAM because it is too sparse
INFO: [Synth 8-5546] ROM "p_reg[0][13]" won't be mapped to RAM because it is too sparse
INFO: [Synth 8-5546] ROM "p_reg[0][14]" won't be mapped to RAM because it is too sparse
INFO: [Synth 8-5546] ROM "p_reg[0][15]" won't be mapped to RAM because it is too sparse
INFO: [Synth 8-5546] ROM "p_reg[0][16]" won't be mapped to RAM because it is too sparse
INFO: [Synth 8-5546] ROM "p_reg[0][17]" won't be mapped to RAM because it is too sparse
INFO: [Synth 8-5546] ROM "p_reg[0][18]" won't be mapped to RAM because it is too sparse
INFO: [Synth 8-5546] ROM "p_reg[0][19]" won't be mapped to RAM because it is too sparse
INFO: [Synth 8-5546] ROM "p_reg[0][20]" won't be mapped to RAM because it is too sparse
INFO: [Synth 8-5546] ROM "p_reg[0][21]" won't be mapped to RAM because it is too sparse
INFO: [Synth 8-5546] ROM "p_reg[0][22]" won't be mapped to RAM because it is too sparse
INFO: [Synth 8-5546] ROM "p_reg[0][23]" won't be mapped to RAM because it is too sparse
INFO: [Synth 8-5546] ROM "p_reg[0][24]" won't be mapped to RAM because it is too sparse
INFO: [Synth 8-5546] ROM "p_reg[0][25]" won't be mapped to RAM because it is too sparse
INFO: [Synth 8-5546] ROM "p_reg[0][26]" won't be mapped to RAM because it is too sparse
INFO: [Synth 8-5546] ROM "p_reg[0][27]" won't be mapped to RAM because it is too sparse
INFO: [Synth 8-5546] ROM "p_reg[0][28]" won't be mapped to RAM because it is too sparse
INFO: [Synth 8-5546] ROM "p_reg[0][29]" won't be mapped to RAM because it is too sparse
INFO: [Synth 8-5546] ROM "p_reg[0][30]" won't be mapped to RAM because it is too sparse
INFO: [Synth 8-5546] ROM "p_reg[0][31]" won't be mapped to RAM because it is too sparse
---------------------------------------------------------------------------------
Finished RTL Optimization Phase 2 : Time (s): cpu = 00:00:04 ; elapsed = 00:00:05 . Memory (MB): peak = 505.207 ; gain = 160.184
---------------------------------------------------------------------------------

Report RTL Partitions: 
+-+--------------+------------+----------+
| |RTL Partition |Replication |Instances |
+-+--------------+------------+----------+
+-+--------------+------------+----------+
No constraint files found.
---------------------------------------------------------------------------------
Start RTL Component Statistics 
---------------------------------------------------------------------------------
Detailed RTL Component Info : 
+---Registers : 
	               16 Bit    Registers := 1     
	                8 Bit    Registers := 125   
+---Muxes : 
	   2 Input      1 Bit        Muxes := 156   
---------------------------------------------------------------------------------
Finished RTL Component Statistics 
---------------------------------------------------------------------------------
---------------------------------------------------------------------------------
Start RTL Hierarchical Component Statistics 
---------------------------------------------------------------------------------
Hierarchical RTL Component report 
Module planar_prediction 
Detailed RTL Component Info : 
+---Registers : 
	               16 Bit    Registers := 1     
	                8 Bit    Registers := 125   
+---Muxes : 
	   2 Input      1 Bit        Muxes := 156   
---------------------------------------------------------------------------------
Finished RTL Hierarchical Component Statistics
---------------------------------------------------------------------------------
---------------------------------------------------------------------------------
Start Part Resource Summary
---------------------------------------------------------------------------------
Part Resources:
DSPs: 2800 (col length:140)
BRAMs: 2060 (col length: RAMB18 140 RAMB36 70)
---------------------------------------------------------------------------------
Finished Part Resource Summary
---------------------------------------------------------------------------------
No constraint files found.
---------------------------------------------------------------------------------
Start Cross Boundary and Area Optimization
---------------------------------------------------------------------------------
Warning: Parallel synthesis criteria is not met 
WARNING: [Synth 8-3332] Sequential element (sum_reg[15]) is unused and will be removed from module planar_prediction.
WARNING: [Synth 8-3332] Sequential element (sum_reg[14]) is unused and will be removed from module planar_prediction.
WARNING: [Synth 8-3332] Sequential element (sum_reg[5]) is unused and will be removed from module planar_prediction.
WARNING: [Synth 8-3332] Sequential element (sum_reg[4]) is unused and will be removed from module planar_prediction.
WARNING: [Synth 8-3332] Sequential element (sum_reg[3]) is unused and will be removed from module planar_prediction.
WARNING: [Synth 8-3332] Sequential element (sum_reg[2]) is unused and will be removed from module planar_prediction.
WARNING: [Synth 8-3332] Sequential element (sum_reg[1]) is unused and will be removed from module planar_prediction.
WARNING: [Synth 8-3332] Sequential element (sum_reg[0]) is unused and will be removed from module planar_prediction.
---------------------------------------------------------------------------------
Finished Cross Boundary and Area Optimization : Time (s): cpu = 00:00:18 ; elapsed = 00:00:23 . Memory (MB): peak = 864.188 ; gain = 519.164
---------------------------------------------------------------------------------

Report RTL Partitions: 
+-+--------------+------------+----------+
| |RTL Partition |Replication |Instances |
+-+--------------+------------+----------+
+-+--------------+------------+----------+
No constraint files found.
---------------------------------------------------------------------------------
Start Timing Optimization
---------------------------------------------------------------------------------
---------------------------------------------------------------------------------
Finished Timing Optimization : Time (s): cpu = 00:00:18 ; elapsed = 00:00:24 . Memory (MB): peak = 864.188 ; gain = 519.164
---------------------------------------------------------------------------------

Report RTL Partitions: 
+-+--------------+------------+----------+
| |RTL Partition |Replication |Instances |
+-+--------------+------------+----------+
+-+--------------+------------+----------+
---------------------------------------------------------------------------------
Start Technology Mapping
---------------------------------------------------------------------------------
---------------------------------------------------------------------------------
Finished Technology Mapping : Time (s): cpu = 00:00:19 ; elapsed = 00:00:24 . Memory (MB): peak = 864.188 ; gain = 519.164
---------------------------------------------------------------------------------

Report RTL Partitions: 
+-+--------------+------------+----------+
| |RTL Partition |Replication |Instances |
+-+--------------+------------+----------+
+-+--------------+------------+----------+
---------------------------------------------------------------------------------
Start IO Insertion
---------------------------------------------------------------------------------
---------------------------------------------------------------------------------
Start Flattening Before IO Insertion
---------------------------------------------------------------------------------
---------------------------------------------------------------------------------
Finished Flattening Before IO Insertion
---------------------------------------------------------------------------------
---------------------------------------------------------------------------------
Start Final Netlist Cleanup
---------------------------------------------------------------------------------
---------------------------------------------------------------------------------
Finished Final Netlist Cleanup
---------------------------------------------------------------------------------
---------------------------------------------------------------------------------
Finished IO Insertion : Time (s): cpu = 00:00:20 ; elapsed = 00:00:25 . Memory (MB): peak = 864.188 ; gain = 519.164
---------------------------------------------------------------------------------

Report Check Netlist: 
+------+------------------+-------+---------+-------+------------------+
|      |Item              |Errors |Warnings |Status |Description       |
+------+------------------+-------+---------+-------+------------------+
|1     |multi_driven_nets |      0|        0|Passed |Multi driven nets |
+------+------------------+-------+---------+-------+------------------+
---------------------------------------------------------------------------------
Start Renaming Generated Instances
---------------------------------------------------------------------------------
---------------------------------------------------------------------------------
Finished Renaming Generated Instances : Time (s): cpu = 00:00:20 ; elapsed = 00:00:25 . Memory (MB): peak = 864.188 ; gain = 519.164
---------------------------------------------------------------------------------

Report RTL Partitions: 
+-+--------------+------------+----------+
| |RTL Partition |Replication |Instances |
+-+--------------+------------+----------+
+-+--------------+------------+----------+
---------------------------------------------------------------------------------
Start Rebuilding User Hierarchy
---------------------------------------------------------------------------------
---------------------------------------------------------------------------------
Finished Rebuilding User Hierarchy : Time (s): cpu = 00:00:20 ; elapsed = 00:00:25 . Memory (MB): peak = 864.188 ; gain = 519.164
---------------------------------------------------------------------------------
---------------------------------------------------------------------------------
Start Renaming Generated Ports
---------------------------------------------------------------------------------
---------------------------------------------------------------------------------
Finished Renaming Generated Ports : Time (s): cpu = 00:00:20 ; elapsed = 00:00:25 . Memory (MB): peak = 864.188 ; gain = 519.164
---------------------------------------------------------------------------------
---------------------------------------------------------------------------------
Start Handling Custom Attributes
---------------------------------------------------------------------------------
---------------------------------------------------------------------------------
Finished Handling Custom Attributes : Time (s): cpu = 00:00:20 ; elapsed = 00:00:25 . Memory (MB): peak = 864.188 ; gain = 519.164
---------------------------------------------------------------------------------
---------------------------------------------------------------------------------
Start Renaming Generated Nets
---------------------------------------------------------------------------------
---------------------------------------------------------------------------------
Finished Renaming Generated Nets : Time (s): cpu = 00:00:20 ; elapsed = 00:00:25 . Memory (MB): peak = 864.188 ; gain = 519.164
---------------------------------------------------------------------------------
---------------------------------------------------------------------------------
Start Writing Synthesis Report
---------------------------------------------------------------------------------

Report BlackBoxes: 
+-+--------------+----------+
| |BlackBox name |Instances |
+-+--------------+----------+
+-+--------------+----------+

Report Cell Usage: 
+------+-------+------+
|      |Cell   |Count |
+------+-------+------+
|1     |BUFG   |     1|
|2     |CARRY4 |    39|
|3     |LUT1   |     1|
|4     |LUT2   |    97|
|5     |LUT3   |    54|
|6     |LUT4   |    33|
|7     |LUT5   |    88|
|8     |LUT6   |   484|
|9     |MUXF7  |   128|
|10    |FDRE   |  1008|
|11    |IBUF   |    20|
|12    |OBUF   |     8|
+------+-------+------+

Report Instance Areas: 
+------+---------+-------+------+
|      |Instance |Module |Cells |
+------+---------+-------+------+
|1     |top      |       |  1961|
+------+---------+-------+------+
---------------------------------------------------------------------------------
Finished Writing Synthesis Report : Time (s): cpu = 00:00:20 ; elapsed = 00:00:25 . Memory (MB): peak = 864.188 ; gain = 519.164
---------------------------------------------------------------------------------
Synthesis finished with 0 errors, 0 critical warnings and 1932 warnings.
Synthesis Optimization Runtime : Time (s): cpu = 00:00:20 ; elapsed = 00:00:25 . Memory (MB): peak = 864.188 ; gain = 519.164
Synthesis Optimization Complete : Time (s): cpu = 00:00:20 ; elapsed = 00:00:25 . Memory (MB): peak = 864.188 ; gain = 519.164
INFO: [Project 1-571] Translating synthesized netlist
INFO: [Netlist 29-17] Analyzing 187 Unisim elements for replacement
INFO: [Netlist 29-28] Unisim Transformation completed in 0 CPU seconds
WARNING: [Netlist 29-101] Netlist 'planar_prediction' is not ideal for floorplanning, since the cellview 'planar_prediction' contains a large number of primitives.  Please consider enabling hierarchy in synthesis if you want to do floorplanning.
INFO: [Project 1-570] Preparing netlist for logic optimization
INFO: [Opt 31-138] Pushed 0 inverter(s) to 0 load pin(s).
INFO: [Project 1-111] Unisim Transformation Summary:
No Unisim elements were transformed.

INFO: [Common 17-83] Releasing license: Synthesis
44 Infos, 109 Warnings, 0 Critical Warnings and 0 Errors encountered.
synth_design completed successfully
synth_design: Time (s): cpu = 00:00:25 ; elapsed = 00:00:31 . Memory (MB): peak = 922.406 ; gain = 589.164
WARNING: [Constraints 18-5210] No constraint will be written out.
INFO: [Common 17-1381] The checkpoint 'C:/Users/Administrator/Documents/intra_prediction/intra_prediction.runs/synth_1/planar_prediction.dcp' has been generated.
INFO: [runtcl-4] Executing : report_utilization -file planar_prediction_utilization_synth.rpt -pb planar_prediction_utilization_synth.pb
report_utilization: Time (s): cpu = 00:00:00 ; elapsed = 00:00:00.306 . Memory (MB): peak = 922.406 ; gain = 0.000
INFO: [Common 17-206] Exiting Vivado at Wed Aug 20 22:32:57 2025...
